<?xml version="1.0" encoding="UTF-8"?>
<!-- Generated by org.testng.reporters.JUnitReportReporter -->
<testsuite hostname="DESKTOP-UKPSA2L" failures="0" tests="3" name="com.demo.selenium.testng.SeleniumTestng.AppTest" time="46.720" errors="0" timestamp="2023-01-02T20:42:35 IST" skipped="0">
  <testcase classname="com.demo.selenium.testng.SeleniumTestng.AppTest" name="testCase2" time="15.674"/>
  <system-out/>
  <testcase classname="com.demo.selenium.testng.SeleniumTestng.AppTest" name="testCase3" time="17.422"/>
  <system-out/>
  <testcase classname="com.demo.selenium.testng.SeleniumTestng.AppTest" name="testCase1" time="13.624"/>
  <system-out/>
</testsuite> <!-- com.demo.selenium.testng.SeleniumTestng.AppTest -->
